<?xml version="1.0" encoding="UTF-8"?>
<testng-results skipped="0" failed="0" ignored="0" total="2" passed="2">
  <reporter-output>
  </reporter-output>
  <suite name="Surefire suite" duration-ms="477" started-at="2020-04-02T19:00:27Z" finished-at="2020-04-02T19:00:28Z">
    <groups>
    </groups>
    <test name="Surefire test" duration-ms="477" started-at="2020-04-02T19:00:27Z" finished-at="2020-04-02T19:00:28Z">
      <class name="fr.mutex.qualif.espaceemployeur.TestNGAnnotations">
        <test-method status="PASS" signature="beforeSuite()[pri:0, instance:fr.mutex.qualif.espaceemployeur.TestNGAnnotations@41813449]" name="beforeSuite" is-config="true" duration-ms="45" started-at="2020-04-02T19:00:27Z" finished-at="2020-04-02T19:00:27Z">
          <reporter-output>
          </reporter-output>
        </test-method> <!-- beforeSuite -->
        <test-method status="PASS" signature="beforeTest()[pri:0, instance:fr.mutex.qualif.espaceemployeur.TestNGAnnotations@41813449]" name="beforeTest" is-config="true" duration-ms="0" started-at="2020-04-02T19:00:27Z" finished-at="2020-04-02T19:00:27Z">
          <reporter-output>
          </reporter-output>
        </test-method> <!-- beforeTest -->
        <test-method status="PASS" signature="beforeClass()[pri:0, instance:fr.mutex.qualif.espaceemployeur.TestNGAnnotations@41813449]" name="beforeClass" is-config="true" duration-ms="2" started-at="2020-04-02T19:00:27Z" finished-at="2020-04-02T19:00:27Z">
          <reporter-output>
          </reporter-output>
        </test-method> <!-- beforeClass -->
        <test-method status="PASS" signature="beforeMethod()[pri:0, instance:fr.mutex.qualif.espaceemployeur.TestNGAnnotations@41813449]" name="beforeMethod" is-config="true" duration-ms="1" started-at="2020-04-02T19:00:27Z" finished-at="2020-04-02T19:00:27Z">
          <reporter-output>
          </reporter-output>
        </test-method> <!-- beforeMethod -->
        <test-method status="PASS" signature="test1()[pri:0, instance:fr.mutex.qualif.espaceemployeur.TestNGAnnotations@41813449]" name="test1" duration-ms="141" started-at="2020-04-02T19:00:27Z" finished-at="2020-04-02T19:00:28Z">
          <reporter-output>
          </reporter-output>
        </test-method> <!-- test1 -->
        <test-method status="PASS" signature="AfterMethod()[pri:0, instance:fr.mutex.qualif.espaceemployeur.TestNGAnnotations@41813449]" name="AfterMethod" is-config="true" duration-ms="2" started-at="2020-04-02T19:00:28Z" finished-at="2020-04-02T19:00:28Z">
          <reporter-output>
          </reporter-output>
        </test-method> <!-- AfterMethod -->
        <test-method status="PASS" signature="beforeMethod()[pri:0, instance:fr.mutex.qualif.espaceemployeur.TestNGAnnotations@41813449]" name="beforeMethod" is-config="true" duration-ms="0" started-at="2020-04-02T19:00:28Z" finished-at="2020-04-02T19:00:28Z">
          <reporter-output>
          </reporter-output>
        </test-method> <!-- beforeMethod -->
        <test-method status="PASS" signature="test2()[pri:0, instance:fr.mutex.qualif.espaceemployeur.TestNGAnnotations@41813449]" name="test2" duration-ms="3" started-at="2020-04-02T19:00:28Z" finished-at="2020-04-02T19:00:28Z">
          <reporter-output>
          </reporter-output>
        </test-method> <!-- test2 -->
        <test-method status="PASS" signature="AfterMethod()[pri:0, instance:fr.mutex.qualif.espaceemployeur.TestNGAnnotations@41813449]" name="AfterMethod" is-config="true" duration-ms="1" started-at="2020-04-02T19:00:28Z" finished-at="2020-04-02T19:00:28Z">
          <reporter-output>
          </reporter-output>
        </test-method> <!-- AfterMethod -->
        <test-method status="PASS" signature="AfterClass()[pri:0, instance:fr.mutex.qualif.espaceemployeur.TestNGAnnotations@41813449]" name="AfterClass" is-config="true" duration-ms="1" started-at="2020-04-02T19:00:28Z" finished-at="2020-04-02T19:00:28Z">
          <reporter-output>
          </reporter-output>
        </test-method> <!-- AfterClass -->
        <test-method status="PASS" signature="AfterTest()[pri:0, instance:fr.mutex.qualif.espaceemployeur.TestNGAnnotations@41813449]" name="AfterTest" is-config="true" duration-ms="0" started-at="2020-04-02T19:00:28Z" finished-at="2020-04-02T19:00:28Z">
          <reporter-output>
          </reporter-output>
        </test-method> <!-- AfterTest -->
        <test-method status="PASS" signature="AfterSuite()[pri:0, instance:fr.mutex.qualif.espaceemployeur.TestNGAnnotations@41813449]" name="AfterSuite" is-config="true" duration-ms="1" started-at="2020-04-02T19:00:28Z" finished-at="2020-04-02T19:00:28Z">
          <reporter-output>
          </reporter-output>
        </test-method> <!-- AfterSuite -->
      </class> <!-- fr.mutex.qualif.espaceemployeur.TestNGAnnotations -->
    </test> <!-- Surefire test -->
  </suite> <!-- Surefire suite -->
</testng-results>
