<?xml version="1.0" encoding="UTF-8"?>
<testng-results skipped="0" failed="0" ignored="0" total="1" passed="1">
  <reporter-output>
  </reporter-output>
  <suite name="Default suite" duration-ms="110696" started-at="2020-04-02T19:58:36 CEST" finished-at="2020-04-02T20:00:27 CEST">
    <groups>
    </groups>
    <test name="Default test" duration-ms="110696" started-at="2020-04-02T19:58:36 CEST" finished-at="2020-04-02T20:00:27 CEST">
      <class name="fr.mutex.qualif.espaceemployeur.EESoDig135">
        <test-method status="PASS" signature="setUp()[pri:0, instance:fr.mutex.qualif.espaceemployeur.EESoDig135@466cf502]" name="setUp" is-config="true" duration-ms="97164" started-at="2020-04-02T19:58:36 CEST" finished-at="2020-04-02T20:00:13 CEST">
          <reporter-output>
          </reporter-output>
        </test-method> <!-- setUp -->
        <test-method status="PASS" signature="SoDig135()[pri:0, instance:fr.mutex.qualif.espaceemployeur.EESoDig135@466cf502]" name="SoDig135" duration-ms="12012" started-at="2020-04-02T20:00:13 CEST" finished-at="2020-04-02T20:00:25 CEST">
          <reporter-output>
          </reporter-output>
        </test-method> <!-- SoDig135 -->
        <test-method status="PASS" signature="tearDown()[pri:0, instance:fr.mutex.qualif.espaceemployeur.EESoDig135@466cf502]" name="tearDown" is-config="true" duration-ms="1168" started-at="2020-04-02T20:00:26 CEST" finished-at="2020-04-02T20:00:27 CEST">
          <reporter-output>
          </reporter-output>
        </test-method> <!-- tearDown -->
      </class> <!-- fr.mutex.qualif.espaceemployeur.EESoDig135 -->
    </test> <!-- Default test -->
  </suite> <!-- Default suite -->
</testng-results>
